<?xml version="1.0" encoding="UTF-8"?>
<!-- Generated by org.testng.reporters.JUnitXMLReporter -->
<testsuite hostname="LAPTOP-MK3TKT6E" ignored="0" name="Test" tests="36" failures="2" timestamp="2020-05-28T21:02:48 IST" time="11.598" errors="0">
  <testcase name="CheckContentEncoding" time="0.025" classname="TestCases.TC003_Post_Employee_Record"/>
  <testcase name="CheckContentLength" time="0.0" classname="TestCases.TC003_Post_Employee_Record"/>
  <testcase name="CheckContentType" time="0.0" classname="TestCases.TC003_Post_Employee_Record"/>
  <testcase name="CheckResponseTime" time="0.0" classname="TestCases.TC003_Post_Employee_Record"/>
  <testcase name="CheckServerType" time="0.015" classname="TestCases.TC003_Post_Employee_Record"/>
  <testcase name="CheckStatusCode" time="0.0" classname="TestCases.TC003_Post_Employee_Record"/>
  <testcase name="CheckStatusLine" time="0.0" classname="TestCases.TC003_Post_Employee_Record"/>
  <testcase name="checkCookies" time="0.016" classname="TestCases.TC003_Post_Employee_Record"/>
  <testcase name="checkResponseBody" time="0.015" classname="TestCases.TC003_Post_Employee_Record"/>
  <testcase name="CheckContentEncoding" time="0.0" classname="TestCases.TC004_Update_Employee_Record"/>
  <testcase name="CheckContentLength" time="0.0" classname="TestCases.TC004_Update_Employee_Record"/>
  <testcase name="CheckContentType" time="0.0" classname="TestCases.TC004_Update_Employee_Record"/>
  <testcase name="CheckResponseTime" time="0.0" classname="TestCases.TC004_Update_Employee_Record"/>
  <testcase name="CheckServerType" time="0.0" classname="TestCases.TC004_Update_Employee_Record"/>
  <testcase name="CheckStatusCode" time="0.0" classname="TestCases.TC004_Update_Employee_Record"/>
  <testcase name="CheckStatusLine" time="0.0" classname="TestCases.TC004_Update_Employee_Record"/>
  <testcase name="checkCookies" time="0.0" classname="TestCases.TC004_Update_Employee_Record"/>
  <testcase name="checkResponseBody" time="0.0" classname="TestCases.TC004_Update_Employee_Record"/>
  <testcase name="CheckContentEncoding" time="0.003" classname="TestCases.TC001_Get_All_Employee_Data"/>
  <testcase name="CheckContentLength" time="0.0" classname="TestCases.TC001_Get_All_Employee_Data"/>
  <testcase name="CheckContentType" time="0.0" classname="TestCases.TC001_Get_All_Employee_Data"/>
  <testcase name="CheckResponseTime" time="0.0" classname="TestCases.TC001_Get_All_Employee_Data"/>
  <testcase name="CheckServerType" time="0.016" classname="TestCases.TC001_Get_All_Employee_Data"/>
  <testcase name="CheckStatusCode" time="0.0" classname="TestCases.TC001_Get_All_Employee_Data"/>
  <testcase name="CheckStatusLine" time="0.0" classname="TestCases.TC001_Get_All_Employee_Data"/>
  <testcase name="checkCookies" time="0.0" classname="TestCases.TC001_Get_All_Employee_Data"/>
  <testcase name="checkResponseBody" time="0.0" classname="TestCases.TC001_Get_All_Employee_Data"/>
  <testcase name="CheckContentEncoding" time="0.002" classname="TestCases.TC002_Get_Single_Employee_Data"/>
  <testcase name="CheckContentLength" time="0.0" classname="TestCases.TC002_Get_Single_Employee_Data"/>
  <testcase name="CheckContentType" time="0.0" classname="TestCases.TC002_Get_Single_Employee_Data"/>
  <testcase name="CheckResponseTime" time="0.0" classname="TestCases.TC002_Get_Single_Employee_Data"/>
  <testcase name="CheckServerType" time="0.0" classname="TestCases.TC002_Get_Single_Employee_Data"/>
  <testcase name="CheckStatusCode" time="0.0" classname="TestCases.TC002_Get_Single_Employee_Data">
    <failure type="java.lang.AssertionError" message="expected:&amp;lt;400&amp;gt; but was:&amp;lt;200&amp;gt;">
      <![CDATA[java.lang.AssertionError: expected:<400> but was:<200>
at org.junit.Assert.fail(Assert.java:93)
at org.junit.Assert.failNotEquals(Assert.java:647)
at org.junit.Assert.assertEquals(Assert.java:128)
at org.junit.Assert.assertEquals(Assert.java:472)
at org.junit.Assert.assertEquals(Assert.java:456)
at TestCases.TC002_Get_Single_Employee_Data.CheckStatusCode(TC002_Get_Single_Employee_Data.java:40)
at java.util.ArrayList.forEach(ArrayList.java:1257)
... Removed 27 stack frames]]>
    </failure>
  </testcase> <!-- CheckStatusCode -->
  <testcase name="CheckStatusLine" time="0.0" classname="TestCases.TC002_Get_Single_Employee_Data"/>
  <testcase name="checkCookies" time="0.0" classname="TestCases.TC002_Get_Single_Employee_Data"/>
  <testcase name="checkResponseBody" time="0.0" classname="TestCases.TC002_Get_Single_Employee_Data">
    <failure type="java.lang.AssertionError" message="expected:&amp;lt;false&amp;gt; but was:&amp;lt;true&amp;gt;">
      <![CDATA[java.lang.AssertionError: expected:<false> but was:<true>
at org.junit.Assert.fail(Assert.java:93)
at org.junit.Assert.failNotEquals(Assert.java:647)
at org.junit.Assert.assertEquals(Assert.java:128)
at org.junit.Assert.assertEquals(Assert.java:147)
at TestCases.TC002_Get_Single_Employee_Data.checkResponseBody(TC002_Get_Single_Employee_Data.java:32)
at java.util.ArrayList.forEach(ArrayList.java:1257)
... Removed 27 stack frames]]>
    </failure>
  </testcase> <!-- checkResponseBody -->
</testsuite> <!-- Test -->
